mode: set
timesync-be/features/company/services/service.go:17.57,21.2 1 1
timesync-be/features/company/services/service.go:24.63,26.16 2 1
timesync-be/features/company/services/service.go:30.2,30.17 1 1
timesync-be/features/company/services/service.go:26.16,29.3 2 1
timesync-be/features/company/services/service.go:34.137,36.24 2 1
timesync-be/features/company/services/service.go:53.2,54.16 2 1
timesync-be/features/company/services/service.go:58.2,58.17 1 1
timesync-be/features/attendance/services/service.go:14.69,18.2 1 1
timesync-be/features/attendance/services/service.go:21.118,24.16 3 1
timesync-be/features/attendance/services/service.go:33.2,33.17 1 1
timesync-be/features/attendance/services/service.go:24.16,25.66 1 1
timesync-be/features/attendance/services/service.go:25.66,27.4 1 1
timesync-be/features/attendance/services/service.go:27.9,27.71 1 1
timesync-be/features/attendance/services/service.go:27.71,29.4 1 1
timesync-be/features/attendance/services/service.go:29.9,31.4 1 1
timesync-be/features/attendance/services/service.go:37.119,40.16 3 1
timesync-be/features/attendance/services/service.go:49.2,49.17 1 1
timesync-be/features/attendance/services/service.go:40.16,41.63 1 1
timesync-be/features/attendance/services/service.go:41.63,43.4 1 1
timesync-be/features/attendance/services/service.go:43.9,43.69 1 1
timesync-be/features/attendance/services/service.go:43.69,45.4 1 1
timesync-be/features/attendance/services/service.go:45.9,47.4 1 1
timesync-be/features/attendance/services/service.go:53.150,56.16 3 1
timesync-be/features/attendance/services/service.go:63.2,63.12 1 1
timesync-be/features/attendance/services/service.go:56.16,57.58 1 1
timesync-be/features/attendance/services/service.go:57.58,59.4 1 1
timesync-be/features/attendance/services/service.go:59.9,61.4 1 1
timesync-be/features/attendance/services/service.go:67.116,70.16 3 1
timesync-be/features/attendance/services/service.go:78.2,78.17 1 1
timesync-be/features/attendance/services/service.go:70.16,71.58 1 1
timesync-be/features/attendance/services/service.go:71.58,73.4 1 1
timesync-be/features/attendance/services/service.go:73.9,75.4 1 1
